{
  "RSpec": {
    "coverage": {
      "/home/gvicencotti/vagasrh/app/models/user.rb": {
        "lines": [
          1,
          null,
          null,
          1,
          null,
          null,
          1,
          null,
          1,
          1,
          null,
          1,
          null,
          1,
          0,
          null,
          null
        ]
      },
      "/home/gvicencotti/vagasrh/app/models/application_record.rb": {
        "lines": [
          1,
          1,
          null
        ]
      },
      "/home/gvicencotti/vagasrh/app/helpers/application_helper.rb": {
        "lines": [
          1,
          null
        ]
      },
      "/home/gvicencotti/vagasrh/app/models/candidature_approval.rb": {
        "lines": [
          1,
          1,
          null,
          1,
          null,
          1,
          null
        ]
      },
      "/home/gvicencotti/vagasrh/app/models/candidature_denial.rb": {
        "lines": [
          1,
          1,
          null,
          1,
          null
        ]
      },
      "/home/gvicencotti/vagasrh/app/models/candidature.rb": {
        "lines": [
          1,
          1,
          1,
          null,
          1,
          null,
          1,
          1,
          null
        ]
      },
      "/home/gvicencotti/vagasrh/app/models/company.rb": {
        "lines": [
          1,
          1,
          null,
          1,
          1,
          null
        ]
      },
      "/home/gvicencotti/vagasrh/app/models/vacancy.rb": {
        "lines": [
          1,
          1,
          null,
          1,
          null,
          1,
          28,
          null,
          null,
          1,
          1,
          null,
          1,
          1,
          null
        ]
      },
      "/home/gvicencotti/vagasrh/app/controllers/home_controller.rb": {
        "lines": [
          1,
          1,
          63,
          null,
          null,
          1,
          1,
          null,
          null,
          null
        ]
      },
      "/home/gvicencotti/vagasrh/app/controllers/application_controller.rb": {
        "lines": [
          1,
          null
        ]
      },
      "/home/gvicencotti/vagasrh/app/controllers/vacancies_controller.rb": {
        "lines": [
          1,
          1,
          28,
          28,
          null,
          null,
          1,
          20,
          20,
          20,
          18,
          18,
          null,
          null,
          null,
          1,
          2,
          2,
          null,
          2,
          0,
          0,
          null,
          null,
          null,
          null,
          1,
          2,
          null,
          2,
          2,
          2,
          null,
          2,
          1,
          null,
          1,
          null,
          null,
          null,
          1,
          2,
          null,
          null,
          1,
          2,
          null,
          2,
          null,
          null,
          2,
          1,
          null,
          1,
          null,
          null,
          null,
          1,
          1,
          1,
          null,
          1,
          null,
          null
        ]
      },
      "/home/gvicencotti/vagasrh/app/controllers/candidatures_controller.rb": {
        "lines": [
          1,
          1,
          2,
          2,
          2,
          2,
          null,
          2,
          1,
          1,
          null,
          1,
          1,
          1,
          null,
          null,
          null,
          1,
          7,
          7,
          null,
          null,
          1,
          4,
          null,
          null
        ]
      },
      "/home/gvicencotti/vagasrh/app/controllers/candidature_approvals_controller.rb": {
        "lines": [
          1,
          1,
          2,
          2,
          null,
          null,
          1,
          1,
          null,
          1,
          1,
          null,
          1,
          1,
          1,
          1,
          null,
          1,
          null,
          null,
          1,
          1,
          null,
          null,
          1,
          0,
          0,
          0,
          0,
          null,
          null,
          1,
          0,
          0,
          0,
          0,
          null,
          null
        ]
      },
      "/home/gvicencotti/vagasrh/app/controllers/candidature_denials_controller.rb": {
        "lines": [
          1,
          1,
          1,
          1,
          null,
          null,
          1,
          1,
          1,
          1,
          null,
          1,
          1,
          1,
          1,
          null,
          0,
          null,
          1,
          null,
          null,
          1,
          1,
          null,
          null
        ]
      },
      "/home/gvicencotti/vagasrh/app/controllers/companies_controller.rb": {
        "lines": [
          1,
          1,
          4,
          4,
          1,
          1,
          null,
          3,
          3,
          null,
          0,
          null,
          null,
          null,
          1,
          3,
          null,
          3,
          null,
          3,
          2,
          2,
          2,
          null,
          1,
          null,
          null,
          null,
          1,
          3,
          null,
          null
        ]
      },
      "/home/gvicencotti/vagasrh/app/controllers/registrations_controller.rb": {
        "lines": [
          1,
          1,
          6,
          null,
          null,
          1,
          4,
          null,
          null,
          1,
          2,
          2,
          null,
          null,
          2,
          1,
          null,
          1,
          null,
          null,
          null,
          1,
          6,
          6,
          null,
          6,
          2,
          2,
          null,
          4,
          null,
          null,
          null,
          1,
          null,
          1,
          0,
          null,
          null,
          1,
          0,
          null,
          null
        ]
      },
      "/home/gvicencotti/vagasrh/app/channels/application_cable/channel.rb": {
        "lines": [
          0,
          0,
          0,
          0
        ],
        "branches": {
        }
      },
      "/home/gvicencotti/vagasrh/app/channels/application_cable/connection.rb": {
        "lines": [
          0,
          0,
          0,
          0
        ],
        "branches": {
        }
      },
      "/home/gvicencotti/vagasrh/app/jobs/application_job.rb": {
        "lines": [
          0,
          null,
          null,
          null,
          null,
          null,
          0
        ],
        "branches": {
        }
      },
      "/home/gvicencotti/vagasrh/app/controllers/users/sessions_controller.rb": {
        "lines": [
          null,
          null,
          0,
          null,
          null,
          null,
          null,
          null,
          null,
          null,
          null,
          null,
          null,
          null,
          null,
          null,
          null,
          null,
          null,
          null,
          null,
          null,
          null,
          null,
          null,
          null,
          0
        ],
        "branches": {
        }
      },
      "/home/gvicencotti/vagasrh/app/controllers/users/omniauth_callbacks_controller.rb": {
        "lines": [
          null,
          null,
          0,
          null,
          null,
          null,
          null,
          null,
          null,
          null,
          null,
          null,
          null,
          null,
          null,
          null,
          null,
          null,
          null,
          null,
          null,
          null,
          null,
          null,
          null,
          null,
          null,
          null,
          null,
          0
        ],
        "branches": {
        }
      },
      "/home/gvicencotti/vagasrh/app/controllers/users/unlocks_controller.rb": {
        "lines": [
          null,
          null,
          0,
          null,
          null,
          null,
          null,
          null,
          null,
          null,
          null,
          null,
          null,
          null,
          null,
          null,
          null,
          null,
          null,
          null,
          null,
          null,
          null,
          null,
          null,
          null,
          null,
          null,
          null,
          0
        ],
        "branches": {
        }
      },
      "/home/gvicencotti/vagasrh/app/controllers/users/confirmations_controller.rb": {
        "lines": [
          null,
          null,
          0,
          null,
          null,
          null,
          null,
          null,
          null,
          null,
          null,
          null,
          null,
          null,
          null,
          null,
          null,
          null,
          null,
          null,
          null,
          null,
          null,
          null,
          null,
          null,
          null,
          null,
          null,
          0
        ],
        "branches": {
        }
      },
      "/home/gvicencotti/vagasrh/app/controllers/users/passwords_controller.rb": {
        "lines": [
          null,
          null,
          0,
          null,
          null,
          null,
          null,
          null,
          null,
          null,
          null,
          null,
          null,
          null,
          null,
          null,
          null,
          null,
          null,
          null,
          null,
          null,
          null,
          null,
          null,
          null,
          null,
          null,
          null,
          null,
          null,
          null,
          null,
          0
        ],
        "branches": {
        }
      },
      "/home/gvicencotti/vagasrh/app/controllers/users/registrations_controller.rb": {
        "lines": [
          null,
          null,
          0,
          null,
          null,
          null,
          null,
          null,
          null,
          null,
          null,
          null,
          null,
          null,
          null,
          null,
          null,
          null,
          0,
          0,
          0,
          0,
          null,
          0,
          0,
          0,
          0,
          0,
          0,
          null,
          null,
          null,
          null,
          null,
          null,
          null,
          null,
          null,
          null,
          null,
          null,
          null,
          null,
          null,
          null,
          null,
          null,
          null,
          null,
          null,
          null,
          null,
          null,
          null,
          null,
          null,
          null,
          null,
          null,
          null,
          null,
          null,
          null,
          null,
          null,
          0
        ],
        "branches": {
        }
      },
      "/home/gvicencotti/vagasrh/app/mailers/application_mailer.rb": {
        "lines": [
          0,
          0,
          0,
          0
        ],
        "branches": {
        }
      }
    },
    "timestamp": 1617049945
  }
}
